2026-03-01T08:12:59Z SYNC START node=box src=/home/jeans/proj/kubernetes/examples/single-node/shared dst=/lab pid=4018185
2026-03-01T08:12:59Z SYNC OK node=box src=/home/jeans/proj/kubernetes/examples/single-node/shared dst=/lab runtime=0.208s reason=bootstrap
2026-03-01T08:12:59Z SYNC WATCH START node=box src=/home/jeans/proj/kubernetes/examples/single-node/shared
2026-03-01T08:13:30Z SYNC OK node=box src=/home/jeans/proj/kubernetes/examples/single-node/shared dst=/lab runtime=0.360s reason=event:2
2026-03-01T08:13:31Z SYNC OK node=box src=/home/jeans/proj/kubernetes/examples/single-node/shared dst=/lab runtime=0.224s reason=event:3
2026-03-01T08:35:02Z SYNC STOP
2026-03-01T08:35:21Z SYNC START node=box src=/home/jeans/proj/kubernetes/examples/single-node/shared dst=/lab pid=4064161
2026-03-01T08:35:24Z SYNC PREP RETRY node=box dst=/lab
2026-03-01T08:35:28Z SYNC PREP RETRY node=box dst=/lab
2026-03-01T08:35:31Z SYNC OK node=box src=/home/jeans/proj/kubernetes/examples/single-node/shared dst=/lab runtime=0.209s reason=bootstrap
2026-03-01T08:35:31Z SYNC WATCH START node=box src=/home/jeans/proj/kubernetes/examples/single-node/shared
2026-03-01T08:38:15Z SYNC STOP
2026-03-01T08:54:44Z SYNC START node=box src=/home/jeans/proj/kubernetes/examples/single-node/shared dst=/lab pid=4105321
2026-03-01T08:54:44Z SYNC OK node=box src=/home/jeans/proj/kubernetes/examples/single-node/shared dst=/lab runtime=0.217s reason=bootstrap
2026-03-01T08:54:44Z SYNC WATCH START node=box src=/home/jeans/proj/kubernetes/examples/single-node/shared
2026-03-01T08:55:27Z SYNC OK node=box src=/home/jeans/proj/kubernetes/examples/single-node/shared dst=/lab runtime=0.357s reason=event:3
2026-03-01T08:56:21Z SYNC OK node=box src=/home/jeans/proj/kubernetes/examples/single-node/shared dst=/lab runtime=0.624s reason=event:203
2026-03-01T08:57:40Z SYNC STOP
2026-03-01T08:58:49Z SYNC START node=box src=/home/jeans/proj/kubernetes/examples/single-node/shared dst=/lab pid=4115448
2026-03-01T08:58:49Z SYNC OK node=box src=/home/jeans/proj/kubernetes/examples/single-node/shared dst=/lab runtime=0.214s reason=bootstrap
2026-03-01T08:58:49Z SYNC WATCH START node=box src=/home/jeans/proj/kubernetes/examples/single-node/shared
2026-03-01T09:00:38Z SYNC STOP
2026-03-01T09:07:24Z SYNC START node=box src=/home/jeans/proj/kubernetes/examples/single-node/shared dst=/lab pid=4135232
2026-03-01T09:07:27Z SYNC PREP RETRY node=box dst=/lab
2026-03-01T09:07:31Z SYNC PREP RETRY node=box dst=/lab
2026-03-01T09:07:35Z SYNC OK node=box src=/home/jeans/proj/kubernetes/examples/single-node/shared dst=/lab runtime=0.207s reason=bootstrap
2026-03-01T09:07:35Z SYNC WATCH START node=box src=/home/jeans/proj/kubernetes/examples/single-node/shared pid=4135722
2026-03-01T09:08:50Z SYNC STOP
